<?xml version="1.0" encoding="UTF-8"?>
<testsuite name="CalculatorTest" tests="1" skipped="0" failures="0" errors="0" timestamp="2023-05-25T17:32:05" hostname="DESKTOP-QGRFPJG" time="0.024">
  <properties/>
  <testcase name="testDivision1()" classname="CalculatorTest" time="0.024"/>
  <system-out><![CDATA[]]></system-out>
  <system-err><![CDATA[]]></system-err>
</testsuite>
